{
    "/Users/sebastiandemaria/Desktop/Challenges/n5Challenge/n5RickMorty/src/components/character/CharacterCard.tsx": {
        "path": "/Users/sebastiandemaria/Desktop/Challenges/n5Challenge/n5RickMorty/src/components/character/CharacterCard.tsx",
        "all": false,
        "statementMap": {
            "1": {
                "start": { "line": 2, "column": 0 },
                "end": { "line": 2, "column": 47 }
            },
            "2": {
                "start": { "line": 3, "column": 0 },
                "end": { "line": 3, "column": 39 }
            },
            "25": {
                "start": { "line": 26, "column": 0 },
                "end": { "line": 26, "column": 79 }
            },
            "26": {
                "start": { "line": 27, "column": 0 },
                "end": { "line": 27, "column": 35 }
            },
            "27": {
                "start": { "line": 28, "column": 0 },
                "end": { "line": 28, "column": 70 }
            },
            "28": {
                "start": { "line": 29, "column": 0 },
                "end": { "line": 29, "column": 18 }
            },
            "30": {
                "start": { "line": 31, "column": 0 },
                "end": { "line": 31, "column": 12 }
            },
            "31": {
                "start": { "line": 32, "column": 0 },
                "end": { "line": 32, "column": 41 }
            },
            "32": {
                "start": { "line": 33, "column": 0 },
                "end": { "line": 33, "column": 78 }
            },
            "33": {
                "start": { "line": 34, "column": 0 },
                "end": { "line": 34, "column": 57 }
            },
            "34": {
                "start": { "line": 35, "column": 0 },
                "end": { "line": 35, "column": 68 }
            },
            "36": {
                "start": { "line": 37, "column": 0 },
                "end": { "line": 37, "column": 62 }
            },
            "37": {
                "start": { "line": 38, "column": 0 },
                "end": { "line": 38, "column": 70 }
            },
            "39": {
                "start": { "line": 40, "column": 0 },
                "end": { "line": 40, "column": 63 }
            },
            "40": {
                "start": { "line": 41, "column": 0 },
                "end": { "line": 41, "column": 71 }
            },
            "42": {
                "start": { "line": 43, "column": 0 },
                "end": { "line": 43, "column": 62 }
            },
            "43": {
                "start": { "line": 44, "column": 0 },
                "end": { "line": 44, "column": 70 }
            },
            "45": {
                "start": { "line": 46, "column": 0 },
                "end": { "line": 46, "column": 62 }
            },
            "46": {
                "start": { "line": 47, "column": 0 },
                "end": { "line": 47, "column": 75 }
            },
            "48": {
                "start": { "line": 49, "column": 0 },
                "end": { "line": 49, "column": 64 }
            },
            "49": {
                "start": { "line": 50, "column": 0 },
                "end": { "line": 50, "column": 77 }
            },
            "50": {
                "start": { "line": 51, "column": 0 },
                "end": { "line": 51, "column": 22 }
            },
            "51": {
                "start": { "line": 52, "column": 0 },
                "end": { "line": 52, "column": 15 }
            },
            "53": {
                "start": { "line": 54, "column": 0 },
                "end": { "line": 54, "column": 2 }
            },
            "55": {
                "start": { "line": 56, "column": 0 },
                "end": { "line": 56, "column": 24 }
            },
            "68": {
                "start": { "line": 69, "column": 0 },
                "end": { "line": 69, "column": 25 }
            },
            "77": {
                "start": { "line": 78, "column": 0 },
                "end": { "line": 78, "column": 27 }
            },
            "81": {
                "start": { "line": 82, "column": 0 },
                "end": { "line": 82, "column": 23 }
            },
            "86": {
                "start": { "line": 87, "column": 0 },
                "end": { "line": 87, "column": 22 }
            },
            "92": {
                "start": { "line": 93, "column": 0 },
                "end": { "line": 93, "column": 32 }
            }
        },
        "s": {
            "1": 1,
            "2": 1,
            "25": 1,
            "26": 2,
            "27": 2,
            "28": 2,
            "30": 2,
            "31": 2,
            "32": 2,
            "33": 2,
            "34": 2,
            "36": 2,
            "37": 2,
            "39": 2,
            "40": 2,
            "42": 2,
            "43": 2,
            "45": 2,
            "46": 2,
            "48": 2,
            "49": 2,
            "50": 2,
            "51": 2,
            "53": 2,
            "55": 1,
            "68": 1,
            "77": 1,
            "81": 1,
            "86": 1,
            "92": 1
        },
        "branchMap": {
            "0": {
                "type": "branch",
                "line": 26,
                "loc": {
                    "start": { "line": 26, "column": 59 },
                    "end": { "line": 54, "column": 2 }
                },
                "locations": [
                    {
                        "start": { "line": 26, "column": 59 },
                        "end": { "line": 54, "column": 2 }
                    }
                ]
            }
        },
        "b": { "0": [2] },
        "fnMap": {
            "0": {
                "name": "CharacterCard",
                "decl": {
                    "start": { "line": 26, "column": 59 },
                    "end": { "line": 54, "column": 2 }
                },
                "loc": {
                    "start": { "line": 26, "column": 59 },
                    "end": { "line": 54, "column": 2 }
                },
                "line": 26
            }
        },
        "f": { "0": 2 }
    },
    "/Users/sebastiandemaria/Desktop/Challenges/n5Challenge/n5RickMorty/src/components/character/CharactersList.tsx": {
        "path": "/Users/sebastiandemaria/Desktop/Challenges/n5Challenge/n5RickMorty/src/components/character/CharactersList.tsx",
        "all": false,
        "statementMap": {
            "0": {
                "start": { "line": 1, "column": 0 },
                "end": { "line": 1, "column": 71 }
            },
            "2": {
                "start": { "line": 3, "column": 0 },
                "end": { "line": 3, "column": 44 }
            },
            "3": {
                "start": { "line": 4, "column": 0 },
                "end": { "line": 4, "column": 47 }
            },
            "4": {
                "start": { "line": 5, "column": 0 },
                "end": { "line": 5, "column": 39 }
            },
            "5": {
                "start": { "line": 6, "column": 0 },
                "end": { "line": 6, "column": 44 }
            },
            "6": {
                "start": { "line": 7, "column": 0 },
                "end": { "line": 7, "column": 36 }
            },
            "7": {
                "start": { "line": 8, "column": 0 },
                "end": { "line": 8, "column": 48 }
            },
            "9": {
                "start": { "line": 10, "column": 0 },
                "end": { "line": 10, "column": 42 }
            },
            "10": {
                "start": { "line": 11, "column": 0 },
                "end": { "line": 11, "column": 35 }
            },
            "11": {
                "start": { "line": 12, "column": 0 },
                "end": { "line": 12, "column": 40 }
            },
            "12": {
                "start": { "line": 13, "column": 0 },
                "end": { "line": 13, "column": 72 }
            },
            "13": {
                "start": { "line": 14, "column": 0 },
                "end": { "line": 14, "column": 53 }
            },
            "14": {
                "start": { "line": 15, "column": 0 },
                "end": { "line": 15, "column": 52 }
            },
            "16": {
                "start": { "line": 17, "column": 0 },
                "end": { "line": 17, "column": 21 }
            },
            "17": {
                "start": { "line": 18, "column": 0 },
                "end": { "line": 18, "column": 45 }
            },
            "18": {
                "start": { "line": 19, "column": 0 },
                "end": { "line": 19, "column": 31 }
            },
            "19": {
                "start": { "line": 20, "column": 0 },
                "end": { "line": 20, "column": 31 }
            },
            "21": {
                "start": { "line": 22, "column": 0 },
                "end": { "line": 22, "column": 17 }
            },
            "22": {
                "start": { "line": 23, "column": 0 },
                "end": { "line": 23, "column": 56 }
            },
            "23": {
                "start": { "line": 24, "column": 0 },
                "end": { "line": 24, "column": 62 }
            },
            "24": {
                "start": { "line": 25, "column": 0 },
                "end": { "line": 25, "column": 45 }
            },
            "25": {
                "start": { "line": 26, "column": 0 },
                "end": { "line": 26, "column": 18 }
            },
            "26": {
                "start": { "line": 27, "column": 0 },
                "end": { "line": 27, "column": 34 }
            },
            "27": {
                "start": { "line": 28, "column": 0 },
                "end": { "line": 28, "column": 29 }
            },
            "28": {
                "start": { "line": 29, "column": 0 },
                "end": { "line": 29, "column": 67 }
            },
            "29": {
                "start": { "line": 30, "column": 0 },
                "end": { "line": 30, "column": 34 }
            },
            "30": {
                "start": { "line": 31, "column": 0 },
                "end": { "line": 31, "column": 23 }
            },
            "31": {
                "start": { "line": 32, "column": 0 },
                "end": { "line": 32, "column": 36 }
            },
            "32": {
                "start": { "line": 33, "column": 0 },
                "end": { "line": 33, "column": 13 }
            },
            "33": {
                "start": { "line": 34, "column": 0 },
                "end": { "line": 34, "column": 10 }
            },
            "35": {
                "start": { "line": 36, "column": 0 },
                "end": { "line": 36, "column": 26 }
            },
            "36": {
                "start": { "line": 37, "column": 0 },
                "end": { "line": 37, "column": 15 }
            },
            "38": {
                "start": { "line": 39, "column": 0 },
                "end": { "line": 39, "column": 38 }
            },
            "39": {
                "start": { "line": 40, "column": 0 },
                "end": { "line": 40, "column": 68 }
            },
            "41": {
                "start": { "line": 42, "column": 0 },
                "end": { "line": 42, "column": 12 }
            },
            "42": {
                "start": { "line": 43, "column": 0 },
                "end": { "line": 43, "column": 43 }
            },
            "43": {
                "start": { "line": 44, "column": 0 },
                "end": { "line": 44, "column": 59 }
            },
            "44": {
                "start": { "line": 45, "column": 0 },
                "end": { "line": 45, "column": 28 }
            },
            "45": {
                "start": { "line": 46, "column": 0 },
                "end": { "line": 46, "column": 30 }
            },
            "46": {
                "start": { "line": 47, "column": 0 },
                "end": { "line": 47, "column": 57 }
            },
            "47": {
                "start": { "line": 48, "column": 0 },
                "end": { "line": 48, "column": 50 }
            },
            "48": {
                "start": { "line": 49, "column": 0 },
                "end": { "line": 49, "column": 78 }
            },
            "49": {
                "start": { "line": 50, "column": 0 },
                "end": { "line": 50, "column": 19 }
            },
            "50": {
                "start": { "line": 51, "column": 0 },
                "end": { "line": 51, "column": 29 }
            },
            "51": {
                "start": { "line": 52, "column": 0 },
                "end": { "line": 52, "column": 68 }
            },
            "52": {
                "start": { "line": 53, "column": 0 },
                "end": { "line": 53, "column": 26 }
            },
            "53": {
                "start": { "line": 54, "column": 0 },
                "end": { "line": 54, "column": 36 }
            },
            "54": {
                "start": { "line": 55, "column": 0 },
                "end": { "line": 55, "column": 38 }
            },
            "55": {
                "start": { "line": 56, "column": 0 },
                "end": { "line": 56, "column": 42 }
            },
            "56": {
                "start": { "line": 57, "column": 0 },
                "end": { "line": 57, "column": 18 }
            },
            "57": {
                "start": { "line": 58, "column": 0 },
                "end": { "line": 58, "column": 35 }
            },
            "58": {
                "start": { "line": 59, "column": 0 },
                "end": { "line": 59, "column": 21 }
            },
            "60": {
                "start": { "line": 61, "column": 0 },
                "end": { "line": 61, "column": 1 }
            },
            "62": {
                "start": { "line": 63, "column": 0 },
                "end": { "line": 63, "column": 34 }
            },
            "66": {
                "start": { "line": 67, "column": 0 },
                "end": { "line": 67, "column": 34 }
            },
            "72": {
                "start": { "line": 73, "column": 0 },
                "end": { "line": 73, "column": 34 }
            },
            "80": {
                "start": { "line": 81, "column": 0 },
                "end": { "line": 81, "column": 40 }
            }
        },
        "s": {
            "0": 1,
            "2": 1,
            "3": 1,
            "4": 1,
            "5": 1,
            "6": 1,
            "7": 1,
            "9": 2,
            "10": 2,
            "11": 2,
            "12": 2,
            "13": 2,
            "14": 2,
            "16": 2,
            "17": 1,
            "18": 1,
            "19": 1,
            "21": 1,
            "22": 1,
            "23": 1,
            "24": 1,
            "25": 1,
            "26": 1,
            "27": 1,
            "28": 0,
            "29": 0,
            "30": 1,
            "31": 1,
            "32": 1,
            "33": 1,
            "35": 1,
            "36": 2,
            "38": 2,
            "39": 2,
            "41": 1,
            "42": 1,
            "43": 1,
            "44": 1,
            "45": 1,
            "46": 1,
            "47": 1,
            "48": 2,
            "49": 1,
            "50": 1,
            "51": 1,
            "52": 1,
            "53": 1,
            "54": 1,
            "55": 1,
            "56": 1,
            "57": 1,
            "58": 1,
            "60": 1,
            "62": 1,
            "66": 1,
            "72": 1,
            "80": 1
        },
        "branchMap": {
            "0": {
                "type": "branch",
                "line": 10,
                "loc": {
                    "start": { "line": 10, "column": 0 },
                    "end": { "line": 61, "column": 1 }
                },
                "locations": [
                    {
                        "start": { "line": 10, "column": 0 },
                        "end": { "line": 61, "column": 1 }
                    }
                ]
            },
            "1": {
                "type": "branch",
                "line": 39,
                "loc": {
                    "start": { "line": 39, "column": 19 },
                    "end": { "line": 40, "column": 27 }
                },
                "locations": [
                    {
                        "start": { "line": 39, "column": 19 },
                        "end": { "line": 40, "column": 27 }
                    }
                ]
            },
            "2": {
                "type": "branch",
                "line": 40,
                "loc": {
                    "start": { "line": 40, "column": 27 },
                    "end": { "line": 40, "column": 68 }
                },
                "locations": [
                    {
                        "start": { "line": 40, "column": 27 },
                        "end": { "line": 40, "column": 68 }
                    }
                ]
            },
            "3": {
                "type": "branch",
                "line": 40,
                "loc": {
                    "start": { "line": 40, "column": 63 },
                    "end": { "line": 61, "column": 1 }
                },
                "locations": [
                    {
                        "start": { "line": 40, "column": 63 },
                        "end": { "line": 61, "column": 1 }
                    }
                ]
            },
            "4": {
                "type": "branch",
                "line": 17,
                "loc": {
                    "start": { "line": 17, "column": 14 },
                    "end": { "line": 37, "column": 7 }
                },
                "locations": [
                    {
                        "start": { "line": 17, "column": 14 },
                        "end": { "line": 37, "column": 7 }
                    }
                ]
            },
            "5": {
                "type": "branch",
                "line": 18,
                "loc": {
                    "start": { "line": 18, "column": 32 },
                    "end": { "line": 34, "column": 10 }
                },
                "locations": [
                    {
                        "start": { "line": 18, "column": 32 },
                        "end": { "line": 34, "column": 10 }
                    }
                ]
            },
            "6": {
                "type": "branch",
                "line": 28,
                "loc": {
                    "start": { "line": 28, "column": 12 },
                    "end": { "line": 31, "column": 14 }
                },
                "locations": [
                    {
                        "start": { "line": 28, "column": 12 },
                        "end": { "line": 31, "column": 14 }
                    }
                ]
            },
            "7": {
                "type": "branch",
                "line": 48,
                "loc": {
                    "start": { "line": 48, "column": 34 },
                    "end": { "line": 49, "column": 78 }
                },
                "locations": [
                    {
                        "start": { "line": 48, "column": 34 },
                        "end": { "line": 49, "column": 78 }
                    }
                ]
            }
        },
        "b": {
            "0": [2],
            "1": [1],
            "2": [0],
            "3": [1],
            "4": [1],
            "5": [1],
            "6": [0],
            "7": [2]
        },
        "fnMap": {
            "0": {
                "name": "CharactersList",
                "decl": {
                    "start": { "line": 10, "column": 0 },
                    "end": { "line": 61, "column": 1 }
                },
                "loc": {
                    "start": { "line": 10, "column": 0 },
                    "end": { "line": 61, "column": 1 }
                },
                "line": 10
            },
            "1": {
                "name": "fetchCharacters",
                "decl": {
                    "start": { "line": 18, "column": 32 },
                    "end": { "line": 34, "column": 10 }
                },
                "loc": {
                    "start": { "line": 18, "column": 32 },
                    "end": { "line": 34, "column": 10 }
                },
                "line": 18
            }
        },
        "f": { "0": 2, "1": 1 }
    },
    "/Users/sebastiandemaria/Desktop/Challenges/n5Challenge/n5RickMorty/src/components/ui/Paginator.tsx": {
        "path": "/Users/sebastiandemaria/Desktop/Challenges/n5Challenge/n5RickMorty/src/components/ui/Paginator.tsx",
        "all": false,
        "statementMap": {
            "1": {
                "start": { "line": 2, "column": 0 },
                "end": { "line": 2, "column": 39 }
            },
            "16": {
                "start": { "line": 17, "column": 0 },
                "end": { "line": 17, "column": 53 }
            },
            "17": {
                "start": { "line": 18, "column": 0 },
                "end": { "line": 18, "column": 9 }
            },
            "18": {
                "start": { "line": 19, "column": 0 },
                "end": { "line": 19, "column": 16 }
            },
            "19": {
                "start": { "line": 20, "column": 0 },
                "end": { "line": 20, "column": 16 }
            },
            "20": {
                "start": { "line": 21, "column": 0 },
                "end": { "line": 21, "column": 7 }
            },
            "21": {
                "start": { "line": 22, "column": 0 },
                "end": { "line": 22, "column": 34 }
            },
            "23": {
                "start": { "line": 24, "column": 0 },
                "end": { "line": 24, "column": 30 }
            },
            "24": {
                "start": { "line": 25, "column": 0 },
                "end": { "line": 25, "column": 59 }
            },
            "25": {
                "start": { "line": 26, "column": 0 },
                "end": { "line": 26, "column": 6 }
            },
            "27": {
                "start": { "line": 28, "column": 0 },
                "end": { "line": 28, "column": 30 }
            },
            "28": {
                "start": { "line": 29, "column": 0 },
                "end": { "line": 29, "column": 68 }
            },
            "29": {
                "start": { "line": 30, "column": 0 },
                "end": { "line": 30, "column": 6 }
            },
            "31": {
                "start": { "line": 32, "column": 0 },
                "end": { "line": 32, "column": 12 }
            },
            "32": {
                "start": { "line": 33, "column": 0 },
                "end": { "line": 33, "column": 48 }
            },
            "33": {
                "start": { "line": 34, "column": 0 },
                "end": { "line": 34, "column": 28 }
            },
            "34": {
                "start": { "line": 35, "column": 0 },
                "end": { "line": 35, "column": 45 }
            },
            "35": {
                "start": { "line": 36, "column": 0 },
                "end": { "line": 36, "column": 44 }
            },
            "36": {
                "start": { "line": 37, "column": 0 },
                "end": { "line": 37, "column": 36 }
            },
            "38": {
                "start": { "line": 39, "column": 0 },
                "end": { "line": 39, "column": 21 }
            },
            "39": {
                "start": { "line": 40, "column": 0 },
                "end": { "line": 40, "column": 30 }
            },
            "41": {
                "start": { "line": 42, "column": 0 },
                "end": { "line": 42, "column": 57 }
            },
            "42": {
                "start": { "line": 43, "column": 0 },
                "end": { "line": 43, "column": 52 }
            },
            "43": {
                "start": { "line": 44, "column": 0 },
                "end": { "line": 44, "column": 28 }
            },
            "45": {
                "start": { "line": 46, "column": 0 },
                "end": { "line": 46, "column": 28 }
            },
            "46": {
                "start": { "line": 47, "column": 0 },
                "end": { "line": 47, "column": 45 }
            },
            "47": {
                "start": { "line": 48, "column": 0 },
                "end": { "line": 48, "column": 53 }
            },
            "48": {
                "start": { "line": 49, "column": 0 },
                "end": { "line": 49, "column": 36 }
            },
            "50": {
                "start": { "line": 51, "column": 0 },
                "end": { "line": 51, "column": 21 }
            },
            "51": {
                "start": { "line": 52, "column": 0 },
                "end": { "line": 52, "column": 30 }
            },
            "52": {
                "start": { "line": 53, "column": 0 },
                "end": { "line": 53, "column": 27 }
            },
            "54": {
                "start": { "line": 55, "column": 0 },
                "end": { "line": 55, "column": 2 }
            },
            "56": {
                "start": { "line": 57, "column": 0 },
                "end": { "line": 57, "column": 36 }
            },
            "64": {
                "start": { "line": 65, "column": 0 },
                "end": { "line": 65, "column": 38 }
            },
            "83": {
                "start": { "line": 84, "column": 0 },
                "end": { "line": 84, "column": 34 }
            }
        },
        "s": {
            "1": 1,
            "16": 1,
            "17": 1,
            "18": 1,
            "19": 1,
            "20": 1,
            "21": 1,
            "23": 1,
            "24": 0,
            "25": 0,
            "27": 1,
            "28": 0,
            "29": 0,
            "31": 1,
            "32": 1,
            "33": 1,
            "34": 1,
            "35": 1,
            "36": 1,
            "38": 1,
            "39": 1,
            "41": 1,
            "42": 1,
            "43": 1,
            "45": 1,
            "46": 1,
            "47": 1,
            "48": 1,
            "50": 1,
            "51": 1,
            "52": 1,
            "54": 1,
            "56": 1,
            "64": 1,
            "83": 1
        },
        "branchMap": {
            "0": {
                "type": "branch",
                "line": 17,
                "loc": {
                    "start": { "line": 17, "column": 51 },
                    "end": { "line": 55, "column": 2 }
                },
                "locations": [
                    {
                        "start": { "line": 17, "column": 51 },
                        "end": { "line": 55, "column": 2 }
                    }
                ]
            }
        },
        "b": { "0": [1] },
        "fnMap": {
            "0": {
                "name": "Paginator",
                "decl": {
                    "start": { "line": 17, "column": 51 },
                    "end": { "line": 55, "column": 2 }
                },
                "loc": {
                    "start": { "line": 17, "column": 51 },
                    "end": { "line": 55, "column": 2 }
                },
                "line": 17
            },
            "1": {
                "name": "handlePrev",
                "decl": {
                    "start": { "line": 24, "column": 23 },
                    "end": { "line": 26, "column": 6 }
                },
                "loc": {
                    "start": { "line": 24, "column": 23 },
                    "end": { "line": 26, "column": 6 }
                },
                "line": 24
            },
            "2": {
                "name": "handleNext",
                "decl": {
                    "start": { "line": 28, "column": 23 },
                    "end": { "line": 30, "column": 6 }
                },
                "loc": {
                    "start": { "line": 28, "column": 23 },
                    "end": { "line": 30, "column": 6 }
                },
                "line": 28
            }
        },
        "f": { "0": 1, "1": 0, "2": 0 }
    },
    "/Users/sebastiandemaria/Desktop/Challenges/n5Challenge/n5RickMorty/src/hooks/useAutoTranslate.tsx": {
        "path": "/Users/sebastiandemaria/Desktop/Challenges/n5Challenge/n5RickMorty/src/hooks/useAutoTranslate.tsx",
        "all": true,
        "statementMap": {
            "0": {
                "start": { "line": 1, "column": 0 },
                "end": { "line": 1, "column": 26 }
            },
            "1": {
                "start": { "line": 2, "column": 0 },
                "end": { "line": 2, "column": 47 }
            },
            "9": {
                "start": { "line": 10, "column": 0 },
                "end": { "line": 10, "column": 60 }
            },
            "10": {
                "start": { "line": 11, "column": 0 },
                "end": { "line": 11, "column": 38 }
            },
            "12": {
                "start": { "line": 13, "column": 0 },
                "end": { "line": 13, "column": 64 }
            },
            "13": {
                "start": { "line": 14, "column": 0 },
                "end": { "line": 14, "column": 57 }
            },
            "15": {
                "start": { "line": 16, "column": 0 },
                "end": { "line": 16, "column": 13 }
            },
            "16": {
                "start": { "line": 17, "column": 0 },
                "end": { "line": 17, "column": 41 }
            },
            "19": {
                "start": { "line": 20, "column": 0 },
                "end": { "line": 20, "column": 54 }
            },
            "20": {
                "start": { "line": 21, "column": 0 },
                "end": { "line": 21, "column": 17 }
            },
            "21": {
                "start": { "line": 22, "column": 0 },
                "end": { "line": 22, "column": 28 }
            },
            "22": {
                "start": { "line": 23, "column": 0 },
                "end": { "line": 23, "column": 33 }
            },
            "23": {
                "start": { "line": 24, "column": 0 },
                "end": { "line": 24, "column": 42 }
            },
            "24": {
                "start": { "line": 25, "column": 0 },
                "end": { "line": 25, "column": 34 }
            },
            "25": {
                "start": { "line": 26, "column": 0 },
                "end": { "line": 26, "column": 18 }
            },
            "26": {
                "start": { "line": 27, "column": 0 },
                "end": { "line": 27, "column": 17 }
            },
            "27": {
                "start": { "line": 28, "column": 0 },
                "end": { "line": 28, "column": 67 }
            },
            "28": {
                "start": { "line": 29, "column": 0 },
                "end": { "line": 29, "column": 17 }
            },
            "29": {
                "start": { "line": 30, "column": 0 },
                "end": { "line": 30, "column": 14 }
            },
            "30": {
                "start": { "line": 31, "column": 0 },
                "end": { "line": 31, "column": 43 }
            },
            "31": {
                "start": { "line": 32, "column": 0 },
                "end": { "line": 32, "column": 25 }
            },
            "32": {
                "start": { "line": 33, "column": 0 },
                "end": { "line": 33, "column": 55 }
            },
            "33": {
                "start": { "line": 34, "column": 0 },
                "end": { "line": 34, "column": 24 }
            },
            "34": {
                "start": { "line": 35, "column": 0 },
                "end": { "line": 35, "column": 9 }
            },
            "35": {
                "start": { "line": 36, "column": 0 },
                "end": { "line": 36, "column": 6 }
            },
            "37": {
                "start": { "line": 38, "column": 0 },
                "end": { "line": 38, "column": 25 }
            },
            "38": {
                "start": { "line": 39, "column": 0 },
                "end": { "line": 39, "column": 1 }
            }
        },
        "s": {
            "0": 0,
            "1": 0,
            "9": 0,
            "10": 0,
            "12": 0,
            "13": 0,
            "15": 0,
            "16": 0,
            "19": 0,
            "20": 0,
            "21": 0,
            "22": 0,
            "23": 0,
            "24": 0,
            "25": 0,
            "26": 0,
            "27": 0,
            "28": 0,
            "29": 0,
            "30": 0,
            "31": 0,
            "32": 0,
            "33": 0,
            "34": 0,
            "35": 0,
            "37": 0,
            "38": 0
        },
        "branchMap": {
            "0": {
                "type": "branch",
                "line": 1,
                "loc": {
                    "start": { "line": 1, "column": 1221 },
                    "end": { "line": 39, "column": 1 }
                },
                "locations": [
                    {
                        "start": { "line": 1, "column": 1221 },
                        "end": { "line": 39, "column": 1 }
                    }
                ]
            }
        },
        "b": { "0": [0] },
        "fnMap": {
            "0": {
                "name": "(empty-report)",
                "decl": {
                    "start": { "line": 1, "column": 1221 },
                    "end": { "line": 39, "column": 1 }
                },
                "loc": {
                    "start": { "line": 1, "column": 1221 },
                    "end": { "line": 39, "column": 1 }
                },
                "line": 1
            }
        },
        "f": { "0": 0 }
    },
    "/Users/sebastiandemaria/Desktop/Challenges/n5Challenge/n5RickMorty/src/httpServices/api/getRickMortyData.ts": {
        "path": "/Users/sebastiandemaria/Desktop/Challenges/n5Challenge/n5RickMorty/src/httpServices/api/getRickMortyData.ts",
        "all": false,
        "statementMap": {
            "1": {
                "start": { "line": 2, "column": 0 },
                "end": { "line": 2, "column": 48 }
            },
            "3": {
                "start": { "line": 4, "column": 0 },
                "end": { "line": 4, "column": 39 }
            },
            "4": {
                "start": { "line": 5, "column": 0 },
                "end": { "line": 5, "column": 21 }
            },
            "5": {
                "start": { "line": 6, "column": 0 },
                "end": { "line": 6, "column": 20 }
            },
            "6": {
                "start": { "line": 7, "column": 0 },
                "end": { "line": 7, "column": 37 }
            },
            "7": {
                "start": { "line": 8, "column": 0 },
                "end": { "line": 8, "column": 33 }
            },
            "8": {
                "start": { "line": 9, "column": 0 },
                "end": { "line": 9, "column": 64 }
            },
            "9": {
                "start": { "line": 10, "column": 0 },
                "end": { "line": 10, "column": 5 }
            },
            "11": {
                "start": { "line": 12, "column": 0 },
                "end": { "line": 12, "column": 80 }
            },
            "12": {
                "start": { "line": 13, "column": 0 },
                "end": { "line": 13, "column": 16 }
            },
            "13": {
                "start": { "line": 14, "column": 0 },
                "end": { "line": 14, "column": 6 }
            },
            "15": {
                "start": { "line": 16, "column": 0 },
                "end": { "line": 16, "column": 16 }
            },
            "16": {
                "start": { "line": 17, "column": 0 },
                "end": { "line": 17, "column": 2 }
            }
        },
        "s": {
            "1": 1,
            "3": 1,
            "4": 3,
            "5": 3,
            "6": 3,
            "7": 3,
            "8": 2,
            "9": 2,
            "11": 1,
            "12": 1,
            "13": 1,
            "15": 1,
            "16": 1
        },
        "branchMap": {
            "0": {
                "type": "branch",
                "line": 4,
                "loc": {
                    "start": { "line": 4, "column": 32 },
                    "end": { "line": 17, "column": 2 }
                },
                "locations": [
                    {
                        "start": { "line": 4, "column": 32 },
                        "end": { "line": 17, "column": 2 }
                    }
                ]
            },
            "1": {
                "type": "branch",
                "line": 8,
                "loc": {
                    "start": { "line": 8, "column": 9 },
                    "end": { "line": 8, "column": 32 }
                },
                "locations": [
                    {
                        "start": { "line": 8, "column": 9 },
                        "end": { "line": 8, "column": 32 }
                    }
                ]
            },
            "2": {
                "type": "branch",
                "line": 8,
                "loc": {
                    "start": { "line": 8, "column": 32 },
                    "end": { "line": 10, "column": 5 }
                },
                "locations": [
                    {
                        "start": { "line": 8, "column": 32 },
                        "end": { "line": 10, "column": 5 }
                    }
                ]
            },
            "3": {
                "type": "branch",
                "line": 10,
                "loc": {
                    "start": { "line": 10, "column": 4 },
                    "end": { "line": 17, "column": 2 }
                },
                "locations": [
                    {
                        "start": { "line": 10, "column": 4 },
                        "end": { "line": 17, "column": 2 }
                    }
                ]
            }
        },
        "b": { "0": [3], "1": [2], "2": [2], "3": [1] },
        "fnMap": {
            "0": {
                "name": "getRickMortyData",
                "decl": {
                    "start": { "line": 4, "column": 32 },
                    "end": { "line": 17, "column": 2 }
                },
                "loc": {
                    "start": { "line": 4, "column": 32 },
                    "end": { "line": 17, "column": 2 }
                },
                "line": 4
            }
        },
        "f": { "0": 3 }
    },
    "/Users/sebastiandemaria/Desktop/Challenges/n5Challenge/n5RickMorty/src/httpServices/base/httpClient.ts": {
        "path": "/Users/sebastiandemaria/Desktop/Challenges/n5Challenge/n5RickMorty/src/httpServices/base/httpClient.ts",
        "all": false,
        "statementMap": {
            "0": {
                "start": { "line": 1, "column": 0 },
                "end": { "line": 1, "column": 45 }
            },
            "2": {
                "start": { "line": 3, "column": 0 },
                "end": { "line": 3, "column": 27 }
            },
            "3": {
                "start": { "line": 4, "column": 0 },
                "end": { "line": 4, "column": 21 }
            },
            "4": {
                "start": { "line": 5, "column": 0 },
                "end": { "line": 5, "column": 19 }
            },
            "5": {
                "start": { "line": 6, "column": 0 },
                "end": { "line": 6, "column": 21 }
            },
            "6": {
                "start": { "line": 7, "column": 0 },
                "end": { "line": 7, "column": 30 }
            },
            "7": {
                "start": { "line": 8, "column": 0 },
                "end": { "line": 8, "column": 63 }
            },
            "9": {
                "start": { "line": 10, "column": 0 },
                "end": { "line": 10, "column": 25 }
            },
            "10": {
                "start": { "line": 11, "column": 0 },
                "end": { "line": 11, "column": 26 }
            },
            "11": {
                "start": { "line": 12, "column": 0 },
                "end": { "line": 12, "column": 24 }
            },
            "12": {
                "start": { "line": 13, "column": 0 },
                "end": { "line": 13, "column": 7 }
            },
            "13": {
                "start": { "line": 14, "column": 0 },
                "end": { "line": 14, "column": 2 }
            }
        },
        "s": {
            "0": 1,
            "2": 1,
            "3": 4,
            "4": 4,
            "5": 4,
            "6": 4,
            "7": 4,
            "9": 2,
            "10": 2,
            "11": 2,
            "12": 2,
            "13": 2
        },
        "branchMap": {
            "0": {
                "type": "branch",
                "line": 3,
                "loc": {
                    "start": { "line": 3, "column": 26 },
                    "end": { "line": 14, "column": 2 }
                },
                "locations": [
                    {
                        "start": { "line": 3, "column": 26 },
                        "end": { "line": 14, "column": 2 }
                    }
                ]
            },
            "1": {
                "type": "branch",
                "line": 7,
                "loc": {
                    "start": { "line": 7, "column": 9 },
                    "end": { "line": 7, "column": 30 }
                },
                "locations": [
                    {
                        "start": { "line": 7, "column": 9 },
                        "end": { "line": 7, "column": 30 }
                    }
                ]
            },
            "2": {
                "type": "branch",
                "line": 8,
                "loc": {
                    "start": { "line": 8, "column": 8 },
                    "end": { "line": 14, "column": 2 }
                },
                "locations": [
                    {
                        "start": { "line": 8, "column": 8 },
                        "end": { "line": 14, "column": 2 }
                    }
                ]
            }
        },
        "b": { "0": [4], "1": [3], "2": [2] },
        "fnMap": {
            "0": {
                "name": "HttpClient",
                "decl": {
                    "start": { "line": 3, "column": 26 },
                    "end": { "line": 14, "column": 2 }
                },
                "loc": {
                    "start": { "line": 3, "column": 26 },
                    "end": { "line": 14, "column": 2 }
                },
                "line": 3
            }
        },
        "f": { "0": 4 }
    }
}
